Monitoring geth process only
Enclave : local-eth-testnet
Service : el-1-geth-lighthouse
PID     : 8
Interval: 2s

timestamp            pid      cpu(%)       rss(MiB)     mem(%)      
2026-03-27 12:59:24  8        0.00         65.90        0.42        
2026-03-27 12:59:26  8        0.46         65.91        0.42        
2026-03-27 12:59:29  8        0.00         65.93        0.42        
2026-03-27 12:59:31  8        0.00         66.25        0.42        
2026-03-27 12:59:33  8        0.00         66.25        0.42        
2026-03-27 12:59:36  8        0.00         66.25        0.42        
2026-03-27 12:59:38  8        14.11        80.82        0.52        
2026-03-27 12:59:40  8        0.00         80.82        0.52        
2026-03-27 12:59:43  8        0.00         80.82        0.52        
2026-03-27 12:59:45  8        0.00         80.82        0.52        
2026-03-27 12:59:48  8        0.46         80.82        0.52        
2026-03-27 12:59:50  8        0.46         85.39        0.54        
2026-03-27 12:59:52  8        0.00         85.39        0.54        
2026-03-27 12:59:54  8        0.00         85.39        0.54        
2026-03-27 12:59:57  8        0.00         85.40        0.54        
2026-03-27 12:59:59  8        0.00         85.40        0.54        
2026-03-27 13:00:01  8        0.93         84.79        0.54        
2026-03-27 13:00:04  8        0.00         84.79        0.54        
2026-03-27 13:00:06  8        0.00         84.79        0.54        
2026-03-27 13:00:08  8        0.00         84.79        0.54        
2026-03-27 13:00:11  8        0.00         84.80        0.54        
2026-03-27 13:00:13  8        0.93         85.57        0.55        
2026-03-27 13:00:15  8        0.00         85.57        0.55        
2026-03-27 13:00:18  8        0.00         85.57        0.55        
2026-03-27 13:00:20  8        0.00         85.57        0.55        
2026-03-27 13:00:22  8        0.00         85.58        0.55        
2026-03-27 13:00:25  8        0.92         88.37        0.56        
2026-03-27 13:00:27  8        0.00         88.37        0.56        
2026-03-27 13:00:29  8        0.00         88.37        0.56        
2026-03-27 13:00:32  8        0.46         88.37        0.56        
2026-03-27 13:00:34  8        0.00         88.38        0.56        
2026-03-27 13:00:36  8        0.00         88.38        0.56        
2026-03-27 13:00:39  8        0.46         90.38        0.58        
2026-03-27 13:00:41  8        0.00         90.38        0.58        
2026-03-27 13:00:43  8        0.46         90.38        0.58        
2026-03-27 13:00:46  8        0.00         90.39        0.58        
2026-03-27 13:00:48  8        0.00         90.40        0.58        
2026-03-27 13:00:50  8        0.92         90.41        0.58        
2026-03-27 13:00:53  8        0.00         90.41        0.58        
2026-03-27 13:00:55  8        0.00         90.41        0.58        
2026-03-27 13:00:57  8        0.00         90.42        0.58        
2026-03-27 13:01:00  8        0.00         90.42        0.58        
2026-03-27 13:01:02  8        0.46         92.43        0.59        
2026-03-27 13:01:04  8        0.00         92.43        0.59        
2026-03-27 13:01:07  8        0.00         92.43        0.59        
2026-03-27 13:01:09  8        0.00         92.43        0.59        
2026-03-27 13:01:11  8        0.00         92.43        0.59        
2026-03-27 13:01:14  8        1.39         92.45        0.59        
2026-03-27 13:01:16  8        0.00         92.45        0.59        
2026-03-27 13:01:18  8        0.00         92.45        0.59        
2026-03-27 13:01:21  8        0.00         92.45        0.59        
2026-03-27 13:01:23  8        0.00         92.45        0.59        
2026-03-27 13:01:25  8        0.93         94.72        0.60        
2026-03-27 13:01:27  8        0.00         94.72        0.60        
2026-03-27 13:01:30  8        0.00         94.72        0.60        
2026-03-27 13:01:32  8        0.47         94.72        0.60        
2026-03-27 13:01:34  8        0.00         94.73        0.60        
2026-03-27 13:01:37  8        0.00         94.73        0.60        
2026-03-27 13:01:39  8        0.00         94.73        0.60        
2026-03-27 13:01:41  8        0.00         94.73        0.60        
2026-03-27 13:01:44  8        0.00         94.73        0.60        
2026-03-27 13:01:46  8        0.00         94.74        0.60        
2026-03-27 13:01:48  8        0.00         94.74        0.60        
2026-03-27 13:01:51  8        1.39         97.77        0.62        
2026-03-27 13:01:53  8        0.00         97.77        0.62        
2026-03-27 13:01:55  8        0.00         97.77        0.62        
2026-03-27 13:01:58  8        0.00         97.78        0.62        
2026-03-27 13:02:00  8        0.00         97.78        0.62        
2026-03-27 13:02:02  8        0.46         97.78        0.62        
2026-03-27 13:02:05  8        0.00         97.78        0.62        
2026-03-27 13:02:07  8        0.00         97.78        0.62        
2026-03-27 13:02:09  8        0.46         97.79        0.62        
2026-03-27 13:02:12  8        0.00         97.79        0.62        
2026-03-27 13:02:14  8        0.93         97.80        0.62        
2026-03-27 13:02:16  8        0.00         97.80        0.62        
2026-03-27 13:02:19  8        0.00         97.80        0.62        
2026-03-27 13:02:21  8        0.00         97.80        0.62        
2026-03-27 13:02:23  8        0.00         97.80        0.62        
2026-03-27 13:02:26  8        0.92         97.81        0.62        
2026-03-27 13:02:28  8        0.00         97.81        0.62        
2026-03-27 13:02:30  8        0.00         98.36        0.63        
2026-03-27 13:02:33  8        0.00         98.37        0.63        
2026-03-27 13:02:35  8        0.93         98.06        0.63        
2026-03-27 13:02:37  8        0.00         98.06        0.63        
2026-03-27 13:02:40  8        0.00         98.06        0.63        
2026-03-27 13:02:42  8        0.00         98.06        0.63        
2026-03-27 13:02:44  8        0.00         98.06        0.63        
2026-03-27 13:02:47  8        0.47         98.06        0.63        
2026-03-27 13:02:49  8        0.93         98.06        0.63        
2026-03-27 13:02:51  8        0.00         98.06        0.63        
2026-03-27 13:02:53  8        0.00         98.06        0.63        
2026-03-27 13:02:56  8        0.00         98.06        0.63        
2026-03-27 13:02:58  8        0.00         98.07        0.63        
2026-03-27 13:03:00  8        0.00         98.07        0.63        
2026-03-27 13:03:03  8        0.00         98.07        0.63        
2026-03-27 13:03:05  8        0.00         98.07        0.63        
2026-03-27 13:03:07  8        0.00         98.07        0.63        
2026-03-27 13:03:10  8        0.00         98.08        0.63        
2026-03-27 13:03:12  8        0.00         98.08        0.63        
2026-03-27 13:03:14  8        0.93         99.02        0.63        
2026-03-27 13:03:17  8        0.00         99.02        0.63        
2026-03-27 13:03:19  8        0.00         99.02        0.63        
2026-03-27 13:03:21  8        0.47         99.03        0.63        
2026-03-27 13:03:24  8        0.00         99.03        0.63        
2026-03-27 13:03:26  8        0.00         99.03        0.63        
2026-03-27 13:03:28  8        0.00         99.03        0.63        
2026-03-27 13:03:31  8        0.46         99.03        0.63        
2026-03-27 13:03:33  8        0.00         99.04        0.63        
2026-03-27 13:03:35  8        0.47         99.04        0.63        
2026-03-27 13:03:38  8        0.93         99.05        0.63        
2026-03-27 13:03:40  8        0.00         99.05        0.63        
2026-03-27 13:03:42  8        0.00         99.05        0.63        
2026-03-27 13:03:45  8        0.00         99.06        0.63        
2026-03-27 13:03:47  8        0.00         99.06        0.63        
2026-03-27 13:03:49  8        0.46         99.07        0.63        
2026-03-27 13:03:52  8        0.00         99.07        0.63        
2026-03-27 13:03:54  8        0.00         99.07        0.63        
2026-03-27 13:03:56  8        0.00         99.07        0.63        
2026-03-27 13:03:59  8        0.00         99.08        0.63        
2026-03-27 13:04:01  8        1.39         99.08        0.63        
2026-03-27 13:04:03  8        0.00         99.08        0.63        
2026-03-27 13:04:06  8        0.00         99.08        0.63        
2026-03-27 13:04:08  8        0.00         99.08        0.63        
2026-03-27 13:04:10  8        0.00         99.09        0.63        
2026-03-27 13:04:13  8        0.00         99.09        0.63        
2026-03-27 13:04:15  8        0.00         99.09        0.63        
2026-03-27 13:04:17  8        0.00         99.09        0.63        
2026-03-27 13:04:20  8        0.00         99.09        0.63        
2026-03-27 13:04:22  8        0.00         99.09        0.63        
2026-03-27 13:04:24  8        0.47         99.09        0.63        
2026-03-27 13:04:26  8        0.93         99.09        0.63        
2026-03-27 13:04:29  8        0.00         99.09        0.63        
2026-03-27 13:04:31  8        0.00         99.09        0.63        
2026-03-27 13:04:33  8        0.00         99.10        0.63        
2026-03-27 13:04:36  8        0.00         99.10        0.63        
2026-03-27 13:04:38  8        0.46         99.10        0.63        
2026-03-27 13:04:40  8        0.00         99.10        0.63        
2026-03-27 13:04:43  8        0.00         99.10        0.63        
2026-03-27 13:04:45  8        0.46         99.11        0.63        
2026-03-27 13:04:47  8        0.00         99.11        0.63        
2026-03-27 13:04:50  8        0.93         99.11        0.63        
2026-03-27 13:04:52  8        0.00         99.11        0.63        
2026-03-27 13:04:54  8        0.00         99.11        0.63        
2026-03-27 13:04:57  8        0.46         99.12        0.63        
2026-03-27 13:04:59  8        0.00         99.12        0.63        
2026-03-27 13:05:01  8        0.00         99.12        0.63        
2026-03-27 13:05:04  8        0.00         99.12        0.63        
2026-03-27 13:05:06  8        0.46         99.12        0.63        
2026-03-27 13:05:08  8        0.00         99.12        0.63        
2026-03-27 13:05:11  8        0.00         99.14        0.63        
2026-03-27 13:05:13  8        1.28         99.14        0.63        
2026-03-27 13:05:16  8        0.00         99.14        0.63        
2026-03-27 13:05:18  8        0.00         99.14        0.63        
2026-03-27 13:05:20  8        0.00         99.14        0.63        
2026-03-27 13:05:23  8        0.00         99.14        0.63        
2026-03-27 13:05:25  8        0.44         99.15        0.63        
2026-03-27 13:05:28  8        0.00         99.15        0.63        
2026-03-27 13:05:30  8        0.00         99.15        0.63        
2026-03-27 13:05:32  8        0.00         99.15        0.63        
2026-03-27 13:05:35  8        0.00         99.15        0.63        
2026-03-27 13:05:37  8        1.39         99.16        0.63        
2026-03-27 13:05:39  8        0.46         99.16        0.63        
2026-03-27 13:05:42  8        0.00         99.16        0.63        
2026-03-27 13:05:44  8        0.00         99.16        0.63        
2026-03-27 13:05:46  8        0.00         99.16        0.63        
2026-03-27 13:05:49  8        0.00         99.16        0.63        
2026-03-27 13:05:51  8        0.00         99.17        0.63        
2026-03-27 13:05:53  8        0.00         99.17        0.63        
2026-03-27 13:05:56  8        0.00         99.17        0.63        
2026-03-27 13:05:58  8        0.46         99.18        0.63        
2026-03-27 13:06:00  8        0.00         99.18        0.63        
2026-03-27 13:06:03  8        0.93         99.18        0.63        
2026-03-27 13:06:05  8        0.46         99.18        0.63        
2026-03-27 13:06:07  8        0.00         99.18        0.63        
2026-03-27 13:06:10  8        0.00         99.19        0.63        
2026-03-27 13:06:12  8        0.00         99.19        0.63        
2026-03-27 13:06:14  8        0.46         99.19        0.63        
2026-03-27 13:06:17  8        0.00         99.19        0.63        
2026-03-27 13:06:19  8        0.00         99.19        0.63        
2026-03-27 13:06:21  8        0.00         99.20        0.63        
2026-03-27 13:06:24  8        0.00         99.20        0.63        
2026-03-27 13:06:26  8        0.93         99.20        0.63        
2026-03-27 13:06:28  8        0.00         99.20        0.63        
2026-03-27 13:06:31  8        0.00         99.20        0.63        
2026-03-27 13:06:33  8        0.46         99.20        0.63        
2026-03-27 13:06:35  8        0.00         99.20        0.63        
2026-03-27 13:06:38  8        0.46         99.21        0.63        
2026-03-27 13:06:40  8        0.00         99.21        0.63        
2026-03-27 13:06:42  8        0.00         99.21        0.63        
2026-03-27 13:06:44  8        0.00         99.21        0.63        
2026-03-27 13:06:47  8        0.00         99.21        0.63        
2026-03-27 13:06:49  8        0.93         99.21        0.63        
2026-03-27 13:06:51  8        0.47         99.21        0.63        
2026-03-27 13:06:54  8        0.00         99.21        0.63        
2026-03-27 13:06:56  8        0.00         99.21        0.63        
2026-03-27 13:06:58  8        0.47         99.22        0.63        
2026-03-27 13:07:01  8        0.47         99.22        0.63        
2026-03-27 13:07:03  8        0.00         99.22        0.63        
2026-03-27 13:07:05  8        0.00         99.22        0.63        
2026-03-27 13:07:08  8        0.00         99.22        0.63        
2026-03-27 13:07:10  8        0.00         99.22        0.63        
2026-03-27 13:07:12  8        0.00         99.22        0.63        
2026-03-27 13:07:15  8        0.92         99.22        0.63        
2026-03-27 13:07:17  8        0.00         99.22        0.63        
2026-03-27 13:07:19  8        0.00         99.22        0.63        
2026-03-27 13:07:22  8        0.46         99.23        0.63        
2026-03-27 13:07:24  8        0.00         99.23        0.63        
2026-03-27 13:07:26  8        0.00         99.24        0.63        
2026-03-27 13:07:29  8        0.46         99.24        0.63        
2026-03-27 13:07:31  8        0.00         99.24        0.63        
2026-03-27 13:07:33  8        0.00         99.25        0.63        
2026-03-27 13:07:36  8        0.00         99.25        0.63        
2026-03-27 13:07:38  8        1.39         99.25        0.63        
2026-03-27 13:07:40  8        0.00         99.25        0.63        
2026-03-27 13:07:43  8        0.00         99.25        0.63        
2026-03-27 13:07:45  8        0.00         99.25        0.63        
2026-03-27 13:07:47  8        0.00         99.25        0.63        
2026-03-27 13:07:50  8        0.47         99.25        0.63        
2026-03-27 13:07:52  8        0.00         99.25        0.63        
2026-03-27 13:07:54  8        0.00         99.25        0.63        
2026-03-27 13:07:57  8        0.00         99.26        0.63        
2026-03-27 13:07:59  8        0.00         99.26        0.63        
2026-03-27 13:08:01  8        1.40         99.27        0.63        
2026-03-27 13:08:03  8        0.00         99.27        0.63        
2026-03-27 13:08:06  8        0.46         99.27        0.63        
2026-03-27 13:08:08  8        0.00         99.27        0.63        
2026-03-27 13:08:10  8        0.00         99.48        0.63        
2026-03-27 13:08:13  8        0.00         99.49        0.63        
2026-03-27 13:08:15  8        0.47         99.49        0.63        
2026-03-27 13:08:17  8        0.00         99.49        0.63        
2026-03-27 13:08:20  8        0.00         101.16       0.65        
2026-03-27 13:08:22  8        0.00         101.16       0.65        
2026-03-27 13:08:24  8        0.00         101.17       0.65        
2026-03-27 13:08:27  8        0.93         101.18       0.65        
2026-03-27 13:08:29  8        0.00         101.68       0.65        
2026-03-27 13:08:31  8        0.46         101.68       0.65        
2026-03-27 13:08:34  8        0.00         101.69       0.65        
2026-03-27 13:08:36  8        0.00         101.69       0.65        
2026-03-27 13:08:38  8        0.46         101.69       0.65        
2026-03-27 13:08:41  8        0.00         102.43       0.65        
2026-03-27 13:08:43  8        0.00         102.43       0.65        
2026-03-27 13:08:45  8        0.00         102.43       0.65        
2026-03-27 13:08:48  8        0.00         102.43       0.65        
2026-03-27 13:08:50  8        0.93         102.43       0.65        
2026-03-27 13:08:52  8        0.00         102.43       0.65        
2026-03-27 13:08:55  8        0.00         102.43       0.65        
2026-03-27 13:08:57  8        0.00         102.44       0.65        
2026-03-27 13:08:59  8        0.00         102.44       0.65        
2026-03-27 13:09:02  8        0.47         117.50       0.75        
2026-03-27 13:09:04  8        0.00         117.50       0.75        
2026-03-27 13:09:06  8        0.00         117.50       0.75        
2026-03-27 13:09:09  8        0.00         117.50       0.75        
2026-03-27 13:09:11  8        0.47         132.50       0.85        
2026-03-27 13:09:13  8        0.93         132.50       0.85        
2026-03-27 13:09:16  8        0.00         132.50       0.85        
2026-03-27 13:09:18  8        0.46         132.50       0.85        
2026-03-27 13:09:20  8        0.00         140.10       0.89        
2026-03-27 13:09:23  8        0.00         140.10       0.89        
2026-03-27 13:09:25  8        0.46         140.10       0.89        
2026-03-27 13:09:27  8        0.00         140.10       0.89        
2026-03-27 13:09:30  8        0.00         140.10       0.89        
2026-03-27 13:09:32  8        0.00         140.86       0.90        
2026-03-27 13:09:34  8        0.46         140.86       0.90        
2026-03-27 13:09:37  8        0.00         140.86       0.90        
2026-03-27 13:09:39  8        0.00         140.86       0.90        
2026-03-27 13:09:41  8        0.00         140.86       0.90        
2026-03-27 13:09:44  8        0.00         140.86       0.90        
2026-03-27 13:09:46  8        0.00         140.86       0.90        
2026-03-27 13:09:48  8        0.46         140.86       0.90        
2026-03-27 13:09:51  8        0.00         140.87       0.90        
2026-03-27 13:09:53  8        0.00         140.87       0.90        
2026-03-27 13:09:55  8        0.47         140.87       0.90        
2026-03-27 13:09:58  8        0.00         140.87       0.90        
2026-03-27 13:10:00  8        0.00         140.87       0.90        
2026-03-27 13:10:02  8        1.39         140.87       0.90        
2026-03-27 13:10:04  8        0.00         140.87       0.90        
2026-03-27 13:10:07  8        0.00         140.87       0.90        
2026-03-27 13:10:09  8        0.00         140.87       0.90        
2026-03-27 13:10:11  8        0.00         140.87       0.90        
2026-03-27 13:10:14  8        0.46         140.87       0.90        
2026-03-27 13:10:16  8        0.00         140.87       0.90        
2026-03-27 13:10:18  8        0.00         140.87       0.90        
2026-03-27 13:10:21  8        0.00         140.87       0.90        
2026-03-27 13:10:23  8        0.47         140.87       0.90        
2026-03-27 13:10:25  8        0.93         140.87       0.90        
2026-03-27 13:10:28  8        0.00         140.87       0.90        
2026-03-27 13:10:30  8        0.00         140.87       0.90        
2026-03-27 13:10:32  8        0.00         140.87       0.90        
2026-03-27 13:10:35  8        0.00         140.87       0.90        
2026-03-27 13:10:37  8        0.46         140.87       0.90        
2026-03-27 13:10:39  8        0.00         140.87       0.90        
2026-03-27 13:10:42  8        0.00         140.87       0.90        
2026-03-27 13:10:44  8        0.00         140.87       0.90        
2026-03-27 13:10:46  8        0.46         140.87       0.90        
2026-03-27 13:10:49  8        0.46         140.87       0.90        
2026-03-27 13:10:51  8        0.00         140.87       0.90        
2026-03-27 13:10:53  8        0.00         140.87       0.90        
2026-03-27 13:10:56  8        0.00         140.87       0.90        
2026-03-27 13:10:58  8        0.00         140.87       0.90        
2026-03-27 13:11:00  8        0.00         140.87       0.90        
2026-03-27 13:11:03  8        0.46         140.93       0.90        
2026-03-27 13:11:05  8        0.00         140.93       0.90        
2026-03-27 13:11:07  8        0.00         140.93       0.90        
2026-03-27 13:11:10  8        0.00         140.94       0.90        
2026-03-27 13:11:12  8        0.46         140.94       0.90        
2026-03-27 13:11:14  8        0.93         140.94       0.90        
2026-03-27 13:11:17  8        0.00         140.94       0.90        
2026-03-27 13:11:19  8        0.00         140.94       0.90        
2026-03-27 13:11:21  8        0.00         140.95       0.90        
2026-03-27 13:11:23  8        0.47         140.95       0.90        
2026-03-27 13:11:26  8        0.46         140.95       0.90        
2026-03-27 13:11:28  8        0.00         140.95       0.90        
2026-03-27 13:11:30  8        0.00         140.95       0.90        
2026-03-27 13:11:33  8        0.00         140.95       0.90        
2026-03-27 13:11:35  8        0.00         140.95       0.90        
2026-03-27 13:11:37  8        0.93         140.96       0.90        
2026-03-27 13:11:40  8        0.00         140.96       0.90        
2026-03-27 13:11:42  8        0.00         140.96       0.90        
2026-03-27 13:11:44  8        0.00         140.96       0.90        
2026-03-27 13:11:47  8        0.00         140.97       0.90        
2026-03-27 13:11:49  8        0.46         140.97       0.90        
2026-03-27 13:11:51  8        0.00         140.97       0.90        
2026-03-27 13:11:54  8        0.00         140.97       0.90        
2026-03-27 13:11:56  8        0.00         140.97       0.90        
2026-03-27 13:11:58  8        0.93         140.97       0.90        
2026-03-27 13:12:01  8        0.92         140.98       0.90        
2026-03-27 13:12:03  8        0.00         140.98       0.90        
2026-03-27 13:12:05  8        0.00         140.98       0.90        
2026-03-27 13:12:08  8        0.00         140.98       0.90        
2026-03-27 13:12:10  8        0.00         140.98       0.90        
2026-03-27 13:12:12  8        0.47         140.98       0.90        
2026-03-27 13:12:15  8        0.00         140.98       0.90        
2026-03-27 13:12:17  8        0.00         140.98       0.90        
2026-03-27 13:12:19  8        0.00         140.98       0.90        
2026-03-27 13:12:22  8        0.00         140.98       0.90        
2026-03-27 13:12:24  8        0.00         140.98       0.90        
2026-03-27 13:12:26  8        0.93         140.98       0.90        
2026-03-27 13:12:29  8        0.00         140.98       0.90        
2026-03-27 13:12:31  8        0.00         140.98       0.90        
2026-03-27 13:12:33  8        0.00         140.99       0.90        
2026-03-27 13:12:36  8        0.00         140.99       0.90        
2026-03-27 13:12:38  8        0.46         140.99       0.90        
2026-03-27 13:12:40  8        0.00         140.99       0.90        
2026-03-27 13:12:42  8        0.00         140.99       0.90        
2026-03-27 13:12:45  8        0.00         141.00       0.90        
2026-03-27 13:12:47  8        0.00         141.00       0.90        
2026-03-27 13:12:49  8        1.39         141.00       0.90        
2026-03-27 13:12:52  8        0.00         141.00       0.90        
2026-03-27 13:12:54  8        0.00         141.00       0.90        
2026-03-27 13:12:56  8        0.00         141.00       0.90        
2026-03-27 13:12:59  8        0.00         141.00       0.90        
2026-03-27 13:13:01  8        0.46         141.00       0.90        
2026-03-27 13:13:03  8        0.00         141.00       0.90        
2026-03-27 13:13:06  8        0.00         141.00       0.90        
2026-03-27 13:13:08  8        0.00         141.00       0.90        
2026-03-27 13:13:10  8        0.00         141.01       0.90        
2026-03-27 13:13:13  8        0.92         141.01       0.90        
2026-03-27 13:13:15  8        0.00         141.01       0.90        
2026-03-27 13:13:17  8        0.46         141.01       0.90        
2026-03-27 13:13:20  8        0.00         141.01       0.90        
2026-03-27 13:13:22  8        0.00         141.02       0.90        
2026-03-27 13:13:24  8        0.00         141.02       0.90        
2026-03-27 13:13:27  8        0.00         141.02       0.90        
2026-03-27 13:13:29  8        0.00         141.02       0.90        
2026-03-27 13:13:31  8        0.00         141.02       0.90        
2026-03-27 13:13:34  8        0.47         141.03       0.90        
2026-03-27 13:13:36  8        0.00         141.03       0.90        
2026-03-27 13:13:38  8        0.93         141.04       0.90        
2026-03-27 13:13:41  8        0.00         141.04       0.90        
2026-03-27 13:13:43  8        0.00         141.04       0.90        
2026-03-27 13:13:45  8        0.47         141.05       0.90        
2026-03-27 13:13:48  8        0.00         141.05       0.90        
2026-03-27 13:13:50  8        0.46         141.05       0.90        
2026-03-27 13:13:52  8        0.00         141.05       0.90        
2026-03-27 13:13:55  8        0.00         141.05       0.90        
2026-03-27 13:13:57  8        0.00         141.05       0.90        
2026-03-27 13:13:59  8        0.00         141.05       0.90        
2026-03-27 13:14:02  8        0.93         141.05       0.90        
2026-03-27 13:14:04  8        0.00         141.05       0.90        
2026-03-27 13:14:06  8        0.00         141.05       0.90        
2026-03-27 13:14:09  8        0.00         141.05       0.90        
2026-03-27 13:14:11  8        0.00         141.05       0.90        
2026-03-27 13:14:13  8        0.47         141.06       0.90        
2026-03-27 13:14:15  8        0.00         141.06       0.90        
2026-03-27 13:14:18  8        0.00         141.06       0.90        
2026-03-27 13:14:20  8        0.00         141.06       0.90        
2026-03-27 13:14:22  8        0.93         141.06       0.90        
2026-03-27 13:14:25  8        0.93         141.07       0.90        
2026-03-27 13:14:27  8        0.00         141.07       0.90        
2026-03-27 13:14:29  8        0.00         141.07       0.90        
2026-03-27 13:14:32  8        0.00         141.07       0.90        
2026-03-27 13:14:34  8        0.00         141.07       0.90        
2026-03-27 13:14:36  8        0.00         141.07       0.90        
2026-03-27 13:14:39  8        0.46         141.07       0.90        
2026-03-27 13:14:41  8        0.00         141.07       0.90        
2026-03-27 13:14:43  8        0.00         141.07       0.90        
2026-03-27 13:14:46  8        0.00         141.08       0.90        
2026-03-27 13:14:48  8        0.47         141.08       0.90        
2026-03-27 13:14:50  8        0.46         141.08       0.90        
2026-03-27 13:14:53  8        0.46         141.08       0.90        
2026-03-27 13:14:55  8        0.00         141.08       0.90        
2026-03-27 13:14:57  8        0.00         141.08       0.90        
2026-03-27 13:15:00  8        0.00         141.08       0.90        
2026-03-27 13:15:02  8        0.46         141.08       0.90        
2026-03-27 13:15:04  8        0.00         141.08       0.90        
2026-03-27 13:15:07  8        0.00         141.08       0.90        
2026-03-27 13:15:09  8        0.00         141.09       0.90        
2026-03-27 13:15:11  8        0.00         141.09       0.90        
2026-03-27 13:15:14  8        1.39         141.09       0.90        
2026-03-27 13:15:16  8        0.00         141.09       0.90        
2026-03-27 13:15:18  8        0.00         141.09       0.90        
2026-03-27 13:15:21  8        0.00         141.09       0.90        
2026-03-27 13:15:23  8        0.47         141.09       0.90        
2026-03-27 13:15:25  8        0.00         141.10       0.90        
2026-03-27 13:15:28  8        0.00         141.10       0.90        
2026-03-27 13:15:30  8        0.00         141.10       0.90        
2026-03-27 13:15:32  8        0.47         141.10       0.90        
2026-03-27 13:15:35  8        0.00         141.11       0.90        
2026-03-27 13:15:37  8        0.93         141.11       0.90        
2026-03-27 13:15:39  8        0.00         141.11       0.90        
2026-03-27 13:15:42  8        0.00         141.11       0.90        
2026-03-27 13:15:44  8        0.00         141.11       0.90        
2026-03-27 13:15:46  8        0.46         141.11       0.90        
2026-03-27 13:15:49  8        0.00         141.11       0.90        
2026-03-27 13:15:51  8        0.00         141.11       0.90        
2026-03-27 13:15:53  8        0.00         141.11       0.90        
2026-03-27 13:15:56  8        0.00         141.11       0.90        
2026-03-27 13:15:58  8        0.00         141.12       0.90        
2026-03-27 13:16:00  8        0.00         141.12       0.90        
2026-03-27 13:16:03  8        0.93         141.12       0.90        
2026-03-27 13:16:05  8        0.00         141.12       0.90        
2026-03-27 13:16:07  8        0.00         141.12       0.90        
2026-03-27 13:16:10  8        0.00         141.12       0.90        
2026-03-27 13:16:12  8        0.47         141.12       0.90        
2026-03-27 13:16:14  8        0.46         141.12       0.90        
2026-03-27 13:16:16  8        0.00         141.12       0.90        
2026-03-27 13:16:19  8        0.00         141.12       0.90        
2026-03-27 13:16:21  8        0.47         141.13       0.90        
2026-03-27 13:16:23  8        0.00         141.13       0.90        
2026-03-27 13:16:26  8        0.93         141.13       0.90        
2026-03-27 13:16:28  8        0.00         141.13       0.90        
2026-03-27 13:16:30  8        0.00         141.13       0.90        
2026-03-27 13:16:33  8        0.00         141.13       0.90        
2026-03-27 13:16:35  8        0.00         141.13       0.90        
2026-03-27 13:16:37  8        0.46         141.14       0.90        
2026-03-27 13:16:40  8        0.00         141.14       0.90        
2026-03-27 13:16:42  8        0.46         141.14       0.90        
2026-03-27 13:16:44  8        0.00         141.14       0.90        
2026-03-27 13:16:47  8        0.00         141.15       0.90        
2026-03-27 13:16:49  8        0.93         141.15       0.90        
2026-03-27 13:16:51  8        0.00         141.15       0.90        
2026-03-27 13:16:54  8        0.00         141.15       0.90        
2026-03-27 13:16:56  8        0.00         141.15       0.90        
2026-03-27 13:16:58  8        0.00         141.16       0.90        
2026-03-27 13:17:01  8        0.46         141.16       0.90        
2026-03-27 13:17:03  8        0.00         141.16       0.90        
2026-03-27 13:17:05  8        0.00         141.16       0.90        
2026-03-27 13:17:08  8        0.00         141.16       0.90        
2026-03-27 13:17:10  8        0.46         141.16       0.90        
2026-03-27 13:17:12  8        0.46         141.16       0.90        
2026-03-27 13:17:15  8        0.92         141.16       0.90        
2026-03-27 13:17:17  8        0.00         141.16       0.90        
2026-03-27 13:17:19  8        0.00         141.16       0.90        
2026-03-27 13:17:22  8        0.00         141.16       0.90        
2026-03-27 13:17:24  8        0.00         141.16       0.90        
2026-03-27 13:17:26  8        0.46         141.16       0.90        
2026-03-27 13:17:29  8        0.00         141.16       0.90        
2026-03-27 13:17:31  8        0.00         141.16       0.90        
2026-03-27 13:17:33  8        0.00         141.16       0.90        
2026-03-27 13:17:36  8        0.46         141.16       0.90        
2026-03-27 13:17:38  8        0.93         141.17       0.90        
2026-03-27 13:17:40  8        0.00         141.17       0.90        
2026-03-27 13:17:43  8        0.00         141.17       0.90        
2026-03-27 13:17:45  8        0.00         141.17       0.90        
2026-03-27 13:17:47  8        0.00         141.17       0.90        
2026-03-27 13:17:50  8        0.46         141.18       0.90        
2026-03-27 13:17:52  8        0.00         141.18       0.90        
2026-03-27 13:17:54  8        0.00         141.18       0.90        
2026-03-27 13:17:57  8        0.00         141.18       0.90        
2026-03-27 13:17:59  8        0.46         141.18       0.90        
2026-03-27 13:18:01  8        0.93         141.18       0.90        
2026-03-27 13:18:04  8        0.00         141.18       0.90        
2026-03-27 13:18:06  8        0.00         141.18       0.90        
2026-03-27 13:18:08  8        0.00         141.18       0.90        
2026-03-27 13:18:11  8        0.46         141.19       0.90        
2026-03-27 13:18:13  8        0.46         141.19       0.90        
2026-03-27 13:18:15  8        0.00         141.19       0.90        
2026-03-27 13:18:18  8        0.00         141.19       0.90        
2026-03-27 13:18:20  8        0.00         141.19       0.90        
2026-03-27 13:18:22  8        0.00         141.20       0.90        
2026-03-27 13:18:25  8        0.92         141.96       0.91        
2026-03-27 13:18:27  8        0.00         141.96       0.91        
2026-03-27 13:18:29  8        0.00         141.96       0.91        
2026-03-27 13:18:32  8        0.47         141.96       0.91        
2026-03-27 13:18:34  8        0.46         141.96       0.91        
2026-03-27 13:18:36  8        0.00         141.96       0.91        
2026-03-27 13:18:39  8        0.00         141.96       0.91        
2026-03-27 13:18:41  8        0.00         141.96       0.91        
2026-03-27 13:18:43  8        0.46         141.96       0.91        
2026-03-27 13:18:46  8        0.00         141.97       0.91        
2026-03-27 13:18:48  8        0.00         141.97       0.91        
2026-03-27 13:18:50  8        0.93         141.97       0.91        
2026-03-27 13:18:53  8        0.00         141.97       0.91        
2026-03-27 13:18:55  8        0.00         141.97       0.91        
2026-03-27 13:18:57  8        0.47         141.98       0.91        
2026-03-27 13:19:00  8        0.00         141.98       0.91        
2026-03-27 13:19:02  8        0.00         141.98       0.91        
2026-03-27 13:19:04  8        0.00         141.98       0.91        
2026-03-27 13:19:07  8        0.46         141.98       0.91        
2026-03-27 13:19:09  8        0.00         141.98       0.91        
2026-03-27 13:19:11  8        0.00         141.98       0.91        
2026-03-27 13:19:14  8        0.93         141.98       0.91        
2026-03-27 13:19:16  8        0.00         141.98       0.91        
2026-03-27 13:19:18  8        0.00         141.98       0.91        
2026-03-27 13:19:21  8        0.47         141.99       0.91        
2026-03-27 13:19:23  8        0.46         141.99       0.91        
2026-03-27 13:19:25  8        0.00         141.99       0.91        
2026-03-27 13:19:28  8        0.00         141.99       0.91        
2026-03-27 13:19:30  8        0.00         141.99       0.91        
2026-03-27 13:19:32  8        0.00         141.99       0.91        
