[2026-03-26 16:30:42] ========== START: 10.10.0.30 ==========
[2026-03-26 14:30:43] Detected architecture: x86_64
[2026-03-26 14:30:43] Using package manager: dnf
[2026-03-26 14:30:43] Refreshing package metadata
AlmaLinux 9 - AppStream                          13 kB/s | 4.2 kB     00:00    
AlmaLinux 9 - BaseOS                             13 kB/s | 3.8 kB     00:00    
AlmaLinux 9 - CRB                                13 kB/s | 4.2 kB     00:00    
AlmaLinux 9 - Extras                            9.7 kB/s | 3.3 kB     00:00    
Docker CE Stable - x86_64                        10 kB/s | 2.0 kB     00:00    
Extra Packages for Enterprise Linux 9 - x86_64  122 kB/s |  26 kB     00:00    
Extra Packages for Enterprise Linux 9 openh264  6.0 kB/s | 993  B     00:00    
google-chrome                                   8.8 kB/s | 1.3 kB     00:00    
Kurtosis                                        3.1 kB/s | 942  B     00:00    
Oracle Linux / RHEL / CentOS-9 / x86_64 - Virtu  22 kB/s | 2.9 kB     00:00    
Visual Studio Code                              8.1 kB/s | 1.5 kB     00:00    
Metadata cache created.
[2026-03-26 14:30:46] Installing base packages
Package git-2.47.3-1.el9_6.x86_64 is already installed.
Package curl-7.76.1-35.el9_7.3.x86_64 is already installed.
Package wget-1.21.1-8.el9_4.x86_64 is already installed.
Package tar-2:1.34-9.el9_7.x86_64 is already installed.
Package which-2.21-30.el9_6.x86_64 is already installed.
Package ca-certificates-2025.2.80_v9.0.305-91.el9.noarch is already installed.
Package gnupg2-2.3.3-5.el9_7.x86_64 is already installed.
Package dnf-plugins-core-4.3.0-24.el9_7.noarch is already installed.
Package yum-utils-4.3.0-24.el9_7.noarch is already installed.
Package rsync-3.2.5-3.el9.x86_64 is already installed.
Package make-1:4.3-8.el9.x86_64 is already installed.
Package gcc-11.5.0-11.el9.alma.1.x86_64 is already installed.
Package gcc-c++-11.5.0-11.el9.alma.1.x86_64 is already installed.
Dependencies resolved.
Nothing to do.
Complete!
[2026-03-26 14:30:46] node already installed: v20.19.5
[2026-03-26 14:30:46] go already installed: go version go1.24.6 (Red Hat 1.24.6-1.el9_6) linux/amd64
[2026-03-26 14:30:46] docker already installed: Docker version 29.2.1, build a5c7197
[2026-03-26 14:30:47] docker version: Docker version 29.2.1, build a5c7197
[2026-03-26 14:30:47] docker compose version: Docker Compose version v5.0.2
[2026-03-26 14:30:47] kurtosis already installed: CLI Version:   1.15.2

To see the engine version (provided it is running): kurtosis engine status
[2026-03-26 14:30:47] Verifying required tools
git version 2.47.3
curl 7.76.1 (x86_64-redhat-linux-gnu) libcurl/7.76.1 OpenSSL/3.5.1 zlib/1.2.11 brotli/1.0.9 libidn2/2.3.0 libpsl/0.21.1 (+libidn2/2.3.0) libssh/0.10.4/openssl/zlib nghttp2/1.43.0
rsync  version 3.2.5  protocol version 31
GNU Make 4.3
go version go1.24.6 (Red Hat 1.24.6-1.el9_6) linux/amd64
Docker version 29.2.1, build a5c7197
Docker Compose version v5.0.2
CLI Version:   1.15.2

To see the engine version (provided it is running): kurtosis engine status
v16.20.2
8.19.4
[2026-03-26 14:30:47] Tool verification completed
[2026-03-26 14:30:47] Checking repository at /home/narwhal/eth_overlay
[2026-03-26 14:30:47] Repository exists, refreshing from origin/main
HEAD is now at 783f390 all files
Removing ethereum-package/geth_proc_usage.log
[2026-03-26 14:30:47] Repository ready
main
783f390537d076da5baab8d0dedca9f41963853a
[2026-03-26 14:30:47] STEP 2: copy built geth binary
[2026-03-26 14:30:47] STEP 3: build docker image
#0 building with "default" instance using docker driver

#1 [internal] load build definition from Dockerfile
#1 transferring dockerfile: 555B done
#1 DONE 0.0s

#2 [internal] load metadata for docker.io/library/debian:trixie-slim
#2 DONE 0.5s

#3 [internal] load .dockerignore
#3 transferring context: 2B done
#3 DONE 0.0s

#4 [1/5] FROM docker.io/library/debian:trixie-slim@sha256:26f98ccd92fd0a44d6928ce8ff8f4921b4d2f535bfa07555ee5d18f61429cf0c
#4 resolve docker.io/library/debian:trixie-slim@sha256:26f98ccd92fd0a44d6928ce8ff8f4921b4d2f535bfa07555ee5d18f61429cf0c 0.0s done
#4 DONE 0.0s

#5 [internal] load build context
#5 transferring context: 50.56MB 0.1s done
#5 DONE 0.1s

#6 [2/5] RUN apt-get update && apt-get install -y --no-install-recommends     ca-certificates netbase   && rm -rf /var/lib/apt/lists/*
#6 CACHED

#7 [3/5] COPY geth /usr/local/bin/geth
#7 CACHED

#8 [4/5] COPY blocked_addresses.json /etc/geth/blocked_addresses.json
#8 CACHED

#9 [5/5] RUN chmod +x /usr/local/bin/geth && /usr/local/bin/geth version
#9 CACHED

#10 exporting to image
#10 exporting layers done
#10 exporting manifest sha256:00c426c140ba93a7054752919b24911af620a7f63a60b3af3aa607b2f86edf1e done
#10 exporting config sha256:24033bcc13f375e652b7b712b1aca5f5dc14ae3517009a61c27e5f0ccb79879b done
#10 exporting attestation manifest sha256:d04d25e1b5405d8df752b0bdeb1ed4df2cacdd8979a40553334c7cddb4abda1b 0.0s done
#10 exporting manifest list sha256:86bd2775b3c70f7689316bfaf2fba9549debcc70195b5f9f1356877bb3f77f84 0.0s done
#10 naming to docker.io/library/geth-overlay:local done
#10 unpacking to docker.io/library/geth-overlay:local done
#10 DONE 0.1s
[2026-03-26 14:30:48] STEP 4: run kurtosis
[36mINFO[0m[2026-03-26T14:30:48-06:00] Cleaning old Kurtosis engine containers...   
[36mINFO[0m[2026-03-26T14:30:48-06:00] Successfully cleaned old Kurtosis engine containers 
[36mINFO[0m[2026-03-26T14:30:48-06:00] Cleaning enclaves...                         
4326d2b5bb2f41dda57067b3e143a37c	local-eth-testnet
[36mINFO[0m[2026-03-26T14:30:51-06:00] Successfully removed the following enclaves: 
[36mINFO[0m[2026-03-26T14:30:51-06:00] Successfully cleaned enclaves                
[36mINFO[0m[2026-03-26T14:30:51-06:00] Cleaning unused images...                    
[36mINFO[0m[2026-03-26T14:30:51-06:00] Successfully cleaned unused images           
[36mINFO[0m[2026-03-26T14:30:51-06:00] Creating a new enclave for Starlark to run inside... 
[36mINFO[0m[2026-03-26T14:30:54-06:00] Enclave 'local-eth-testnet' created successfully 
[36mINFO[0m[2026-03-26T14:30:54-06:00] Executing Starlark package at '/home/narwhal/eth_overlay/ethereum-package' as the passed argument '.' looks like a directory 
[36mINFO[0m[2026-03-26T14:30:54-06:00] Compressing package 'github.com/ethpandaops/ethereum-package' at '.' for upload 
[36mINFO[0m[2026-03-26T14:30:55-06:00] Uploading and executing package 'github.com/ethpandaops/ethereum-package' 
[36mINFO[0m[2026-03-26T14:30:55-06:00] Kurtosis CLI is running in a non interactive terminal. Everything will work but progress information and the progress bar will not be displayed. 

Container images used in this run:
> geth-overlay:local - locally cached
> sigp/lighthouse:latest - locally cached
> protolambda/eth2-val-tools:latest - locally cached
> badouralix/curl-jq - locally cached
> ethpandaops/ethereum-genesis-generator:5.2.4 - locally cached

Printing a message
Sanity check passed

Printing a message
Docker cache is disabled

Fetching cluster type 'docker'
Fetched cluster type 'docker'

Uploading file '/static_files/jwt/jwtsecret' to files artifact 'jwt_file'
Files with artifact name 'jwt_file' uploaded with artifact UUID '1d91784bae054ec9ac12715f2a247518'

Uploading file '/static_files/keymanager/keymanager.txt' to files artifact 'keymanager_file'
Files with artifact name 'keymanager_file' uploaded with artifact UUID '274129c102764522bdeddf0d705654a6'

Printing a message
Read the prometheus, grafana templates

Printing a message
Launching participant network with 1 participants and the following network params struct(additional_mnemonics = [], additional_preloaded_contracts = {}, aggregate_due_bps_gloas = 5000, altair_fork_epoch = 0, attestation_due_bps_gloas = 2500, base_fee_update_fraction_electra = 5007716, bellatrix_fork_epoch = 0, bpo_1_base_fee_update_fraction = 8346193, bpo_1_epoch = 0, bpo_1_max_blobs = 15, bpo_1_target_blobs = 10, bpo_2_base_fee_update_fraction = 11684671, bpo_2_epoch = 18446744073709551615, bpo_2_max_blobs = 21, bpo_2_target_blobs = 14, bpo_3_base_fee_update_fraction = 0, bpo_3_epoch = 18446744073709551615, bpo_3_max_blobs = 0, bpo_3_target_blobs = 0, bpo_4_base_fee_update_fraction = 0, bpo_4_epoch = 18446744073709551615, bpo_4_max_blobs = 0, bpo_4_target_blobs = 0, bpo_5_base_fee_update_fraction = 0, bpo_5_epoch = 18446744073709551615, bpo_5_max_blobs = 0, bpo_5_target_blobs = 0, capella_fork_epoch = 0, churn_limit_quotient = 65536, contribution_due_bps_gloas = 5000, custody_requirement = 4, data_column_sidecar_subnet_count = 128, deneb_fork_epoch = 0, deposit_contract_address = "0x00000000219ab540356cBB839Cbe05303d7705Fa", devnet_repo = "ethpandaops", eip7441_fork_epoch = 18446744073709551615, eip7805_fork_epoch = 18446744073709551615, ejection_balance = 16000000000, electra_fork_epoch = 0, eth1_follow_distance = 2048, force_snapshot_sync = False, fulu_fork_epoch = 0, gas_limit = 0, genesis_delay = 20, genesis_gaslimit = 60000000, genesis_time = 0, gloas_fork_epoch = 18446744073709551615, inclusion_list_submission_due_bps = 6667, max_blobs_per_block_electra = 9, max_payload_size = 10485760, max_per_epoch_activation_churn_limit = 8, max_request_blob_sidecars_electra = 1152, max_request_blocks_deneb = 128, min_builder_withdrawability_delay = 4096, min_epochs_for_block_requests = 33024, min_epochs_for_data_column_sidecars_requests = 4096, min_validator_withdrawability_delay = 256, network = "kurtosis", network_id = "3151908", network_sync_base_url = "https://snapshots.ethpandaops.io/", num_validator_keys_per_node = 128, payload_attestation_due_bps = 7500, perfect_peerdas_enabled = False, prefunded_accounts = {}, preregistered_validator_count = 0, preregistered_validator_keys_mnemonic = "giant issue aisle success illegal bike spike question tent bar rely arctic volcano long crawl hungry vocal artwork sniff fantasy very lucky have athlete", preset = "mainnet", proposer_inclusion_list_cutoff_bps = 9167, samples_per_slot = 8, seconds_per_slot = 12, shadowfork_block_height = "latest", shard_committee_period = 256, slot_duration_ms = 12000, sync_message_due_bps_gloas = 2500, target_blobs_per_block_electra = 6, validator_balance = 32, view_freeze_cutoff_bps = 7500, withdrawal_address = "0x8943545177806ED17B9F23F0a21ee5948eCaa776", withdrawal_type = "0x00")

Printing a message
Generating cl validator key stores

Adding service with name 'validator-key-generation-cl-validator-keystore' and image 'protolambda/eth2-val-tools:latest'
Service 'validator-key-generation-cl-validator-keystore' added with service UUID '424a9a77910944fb9eef115162e43eb0'

Generating keystores
Command returned with exit code '0' with no output

Verifying whether two values meet a certain condition '=='
Verification succeeded. Value is '0'.

Storing files from service 'validator-key-generation-cl-validator-keystore' at path '/node-0-keystores/' to files artifact with name '1-lighthouse-geth-0-127'
Files with artifact name '1-lighthouse-geth-0-127' uploaded with artifact UUID 'e701fadff100474190008b24f1ac03a9'

Storing prysm password in a file
Command returned with exit code '0' with no output

Verifying whether two values meet a certain condition '=='
Verification succeeded. Value is '0'.

Storing files from service 'validator-key-generation-cl-validator-keystore' at path '/tmp/prysm-password.txt' to files artifact with name 'prysm-password'
Files with artifact name 'prysm-password' uploaded with artifact UUID 'f1c761e0617146b8bcbf6bae5a4e12bb'

Printing a message
{
	"per_node_keystores": [
		{
			"files_artifact_uuid": "1-lighthouse-geth-0-127",
			"nimbus_keys_relative_dirpath": "/nimbus-keys",
			"prysm_relative_dirpath": "/prysm",
			"raw_keys_relative_dirpath": "/keys",
			"raw_root_dirpath": "",
			"raw_secrets_relative_dirpath": "/secrets",
			"teku_keys_relative_dirpath": "/teku-keys",
			"teku_secrets_relative_dirpath": "/teku-secrets"
		}
	],
	"prysm_password_artifact_uuid": "prysm-password",
	"prysm_password_relative_filepath": "prysm-password.txt"
}

Getting final genesis timestamp
Command returned with exit code '0' and the following output: 1774557090

Printing a message
Generating EL CL data

Rendering a template to a files artifact with name 'genesis-el-cl-env-file'
Templates artifact name 'genesis-el-cl-env-file' rendered with artifact UUID 'e16be5ac8c9743aa8e086ae1991c39b7'

Creating genesis
Command returned with exit code '0' and the following output:
--------------------
+ '[' -f /data/metadata/genesis.json ']'
+ mkdir -p /data/metadata
+ source /apps/el-gen/generate_genesis.sh
+ generate_genesis /data/metadata
+ set +x
Adding bellatrix genesis properties
Adding capella genesis properties
Adding deneb genesis properties
Adding electra genesis properties
Adding fulu genesis properties
Adding blob schedule (BPOs and fork-based entries)
Adding BPO 1 at epoch 0 (target: 10, max: 15, fraction: 8346193)
Adding precompile allocations...
Adding system contracts
  genesis contract:	0x00000000219ab540356cBB839Cbe05303d7705Fa
  adding allocation for 0x00000000219ab540356cBB839Cbe05303d7705Fa
  EIP-4788 contract:	0x000F3df6D732807Ef1319fB7B8bB8522d0Beac02
  adding allocation for 0x000F3df6D732807Ef1319fB7B8bB8522d0Beac02
  EIP-2935 contract:	0x0000F90827F1C53a10cb7A02335B175320002935
  adding allocation for 0x0000F90827F1C53a10cb7A02335B175320002935
  EIP-7002 contract:	0x00000961Ef480Eb55e80D19ad83579A64c007002
  adding allocation for 0x00000961Ef480Eb55e80D19ad83579A64c007002
  EIP-7251 contract:	0x0000BBdDc7CE488642fb579F8B00f3a590007251
  adding allocation for 0x0000BBdDc7CE488642fb579F8B00f3a590007251
Generating 21 premine accounts...
Adding premine wallets from mnemonic...
  adding allocation for 0x8943545177806ED17B9F23F0a21ee5948eCaa776
  adding allocation for 0xE25583099BA105D9ec0A67f5Ae86D90e50036425
  adding allocation for 0x614561D2d143621E126e87831AEF287678B442b8
  adding allocation for 0xf93Ee4Cf8c6c40b329b0c0626F28333c132CF241
  adding allocation for 0x802dCbE1B1A97554B4F50DB5119E37E8e7336417
  adding allocation for 0xAe95d8DA9244C37CaC0a3e16BA966a8e852Bb6D6
  adding allocation for 0x2c57d1CFC6d5f8E4182a56b4cf75421472eBAEa4
  adding allocation for 0x741bFE4802cE1C4b5b00F9Df2F5f179A1C89171A
  adding allocation for 0xc3913d4D8bAb4914328651C2EAE817C8b78E1f4c
  adding allocation for 0x65D08a056c17Ae13370565B04cF77D2AfA1cB9FA
  adding allocation for 0x3e95dFbBaF6B348396E6674C7871546dCC568e56
  adding allocation for 0x5918b2e647464d4743601a865753e64C8059Dc4F
  adding allocation for 0x589A698b7b7dA0Bec545177D3963A2741105C7C9
  adding allocation for 0x4d1CB4eB7969f8806E2CaAc0cbbB71f88C8ec413
  adding allocation for 0xF5504cE2BcC52614F121aff9b93b2001d92715CA
  adding allocation for 0xF61E98E7D47aB884C244E39E031978E33162ff4b
  adding allocation for 0xf1424826861ffbbD25405F5145B5E50d0F1bFc90
  adding allocation for 0xfDCe42116f541fc8f7b0776e2B30832bD5621C85
  adding allocation for 0xD9211042f35968820A3407ac3d80C725f8F75c14
  adding allocation for 0xD8F3183DEF51A987222D845be228e0Bbb932C222
  adding allocation for 0xafF0CA253b97e54440965855cec0A8a2E2399896
Adding static premine wallets...
Additional contracts file: /opt/additional-contracts.json
Adding additional contracts...
Applying allocations to genesis files...
+ '[' -f /data/metadata/genesis.ssz ']'
++ mktemp -d -t ci-XXXXXXXXXX
+ tmp_dir=/tmp/ci-63Y61LGPUM
+ mkdir -p /data/metadata
+ mkdir -p /data/parsed
++ date -u -d @1774557090 '+%Y-%b-%d %I:%M:%S %p %Z'
+ HUMAN_READABLE_TIMESTAMP='2026-Mar-26 08:31:30 PM UTC'
+ COMMENT='# 2026-Mar-26 08:31:30 PM UTC'
+ export MAX_REQUEST_BLOB_SIDECARS_ELECTRA=1152
+ MAX_REQUEST_BLOB_SIDECARS_ELECTRA=1152
+ cat /config/cl/config.yaml
+ sed '/^BLOB_SCHEDULE:/,/^[a-zA-Z]/ d'
+ sed 's/#HUMAN_TIME_PLACEHOLDER/# 2026-Mar-26 08:31:30 PM UTC/'
+ envsubst
+ add_blob_schedule /data/metadata/config.yaml
+ local config_file=/data/metadata/config.yaml
+ INCLUDE_SCHEDULE=false
+ BLOB_SCHEDULE=
+ DEFAULT_BPO_EPOCH=18446744073709551615
+ for i in {1..5}
+ var_epoch=BPO_1_EPOCH
+ var_blobs=BPO_1_MAX_BLOBS
+ var_next_epoch=BPO_2_EPOCH
+ '[' -n 0 ']'
+ '[' 0 '!=' 18446744073709551615 ']'
+ '[' 18446744073709551615 == 0 ']'
+ '[' false = false ']'
+ BLOB_SCHEDULE='
BLOB_SCHEDULE:'
+ INCLUDE_SCHEDULE=true
+ BLOB_SCHEDULE='
BLOB_SCHEDULE:
  - EPOCH: 0
    MAX_BLOBS_PER_BLOCK: 15'
+ for i in {1..5}
+ var_epoch=BPO_2_EPOCH
+ var_blobs=BPO_2_MAX_BLOBS
+ var_next_epoch=BPO_3_EPOCH
+ '[' -n 18446744073709551615 ']'
+ '[' 18446744073709551615 '!=' 18446744073709551615 ']'
+ for i in {1..5}
+ var_epoch=BPO_3_EPOCH
+ var_blobs=BPO_3_MAX_BLOBS
+ var_next_epoch=BPO_4_EPOCH
+ '[' -n 18446744073709551615 ']'
+ '[' 18446744073709551615 '!=' 18446744073709551615 ']'
+ for i in {1..5}
+ var_epoch=BPO_4_EPOCH
+ var_blobs=BPO_4_MAX_BLOBS
+ var_next_epoch=BPO_5_EPOCH
+ '[' -n 18446744073709551615 ']'
+ '[' 18446744073709551615 '!=' 18446744073709551615 ']'
+ for i in {1..5}
+ var_epoch=BPO_5_EPOCH
+ var_blobs=BPO_5_MAX_BLOBS
+ var_next_epoch=BPO_6_EPOCH
+ '[' -n 18446744073709551615 ']'
+ '[' 18446744073709551615 '!=' 18446744073709551615 ']'
+ '[' true = true ']'
+ echo '
BLOB_SCHEDULE:
  - EPOCH: 0
    MAX_BLOBS_PER_BLOCK: 15'
+ '[' 0x00 == 0x00 ']'
+ export WITHDRAWAL_ADDRESS=null
+ WITHDRAWAL_ADDRESS=null
+ envsubst
+ '[' -n '[]' ']'
+ '[' '[]' '!=' '[]' ']'
+ [[ mainnet == \m\i\n\i\m\a\l ]]
+ cp /tmp/ci-63Y61LGPUM/mnemonics.yaml /data/metadata/mnemonics.yaml
+ grep DEPOSIT_CONTRACT_ADDRESS /data/metadata/config.yaml
+ cut -d ' ' -f2
+ echo 0
+ echo enr:-Iq4QJk4WqRkjsX5c2CXtOra6HnxN-BMXnWhmhEQO9Bn9iABTJGdjUOurM7Btj1ouKaFkvTRoju5vz2GPmVON2dffQKGAX53x8JigmlkgnY0gmlwhLKAlv6Jc2VjcDI1NmsxoQK6S-Cii_KmfFdUJL2TANL3ksaKUnNXvTCv1tLwXs0QgIN1ZHCCIyk
+ genesis_args+=(beaconchain --config /data/metadata/config.yaml --eth1-config /data/metadata/genesis.json --mnemonics $tmp_dir/mnemonics.yaml --state-output /data/metadata/genesis.ssz --json-output /data/parsed/parsedConsensusGenesis.json)
+ [[ '' != '' ]]
+ [[ '' != '' ]]
+ '[' -z '' ']'
+ /usr/local/bin/eth-genesis-state-generator beaconchain --config /data/metadata/config.yaml --eth1-config /data/metadata/genesis.json --mnemonics /tmp/ci-63Y61LGPUM/mnemonics.yaml --state-output /data/metadata/genesis.ssz --json-output /data/parsed/parsedConsensusGenesis.json
time="2026-03-26T20:31:01Z" level=info msg="eth-beacon-genesis version: git-201b86f"
time="2026-03-26T20:31:01Z" level=info msg="loaded execution genesis. chainid: 3151908"
time="2026-03-26T20:31:01Z" level=info msg="loaded consensus config. genesis fork version: 0x10000038"
time="2026-03-26T20:31:01Z" level=info msg="processing mnemonic 0, for 128 validators"
time="2026-03-26T20:31:01Z" level=info msg="...validator 100/128"
time="2026-03-26T20:31:01Z" level=info msg="loaded 128 validators. total balance: 4096 ETH"
time="2026-03-26T20:31:01Z" level=info msg="genesis version: fulu"
time="2026-03-26T20:31:01Z" level=info msg="genesis time: 1774557090"
time="2026-03-26T20:31:01Z" level=info msg="genesis validators root: 0xd1ec305b97bf6336571c2348e4a8bf173684b0cdb7e55f7e6554d51f8478b5a3"
time="2026-03-26T20:31:01Z" level=info msg="successfully built genesis state."
time="2026-03-26T20:31:01Z" level=info msg="serialized genesis state to SSZ file: /data/metadata/genesis.ssz"
serialized genesis state to JSON file: /data/parsed/parsedConsensusGenesis.json
+ echo 'Genesis args: beaconchain' --config /data/metadata/config.yaml --eth1-config /data/metadata/genesis.json --mnemonics /tmp/ci-63Y61LGPUM/mnemonics.yaml --state-output /data/metadata/genesis.ssz --json-output /data/parsed/parsedConsensusGenesis.json
Genesis args: beaconchain --config /data/metadata/config.yaml --eth1-config /data/metadata/genesis.json --mnemonics /tmp/ci-63Y61LGPUM/mnemonics.yaml --state-output /data/metadata/genesis.ssz --json-output /data/parsed/parsedConsensusGenesis.json
++ jq -r .latest_execution_payload_header.block_number /data/parsed/parsedConsensusGenesis.json
+ echo 'Genesis block number: 0'
Genesis block number: 0
++ jq -r .latest_execution_payload_header.block_hash /data/parsed/parsedConsensusGenesis.json
+ echo 'Genesis block hash: 0xfc14f8f212a760aecb6f85646caec4b0c79806dab64312647dd51f0f785a4cdb'
Genesis block hash: 0xfc14f8f212a760aecb6f85646caec4b0c79806dab64312647dd51f0f785a4cdb
+ jq -r .eth1_data.block_hash /data/parsed/parsedConsensusGenesis.json
+ tr -d '\n'
+ jq -r .genesis_validators_root /data/parsed/parsedConsensusGenesis.json
+ tr -d '\n'
+ gen_shared_files
+ set -x
+ mkdir -p /data/metadata
+ '[' -f /data/jwt/jwtsecret ']'
+ mkdir -p /data/jwt
++ openssl rand -hex 32
++ tr -d '\n'
+ echo -n 0xe038a33353a43248b58344a1406933f55715edc963e90f3cb8157cea16d19db3
+ '[' -f /data/metadata/genesis.json ']'
++ cat /data/metadata/genesis.json
++ jq -r '.config.terminalTotalDifficulty | tostring'
+ terminalTotalDifficulty=0
+ sed -i 's/TERMINAL_TOTAL_DIFFICULTY:.*/TERMINAL_TOTAL_DIFFICULTY: 0/' /data/metadata/config.yaml
+ '[' false = true ']'

--------------------

Reading genesis validators root
Command returned with exit code '0' and the following output: 0xd1ec305b97bf6336571c2348e4a8bf173684b0cdb7e55f7e6554d51f8478b5a3

Reading osaka time from genesis
Command returned with exit code '0' and the following output: 0

Adding service with name 'el-1-geth-lighthouse' and image 'geth-overlay:local'
Service 'el-1-geth-lighthouse' added with service UUID '6e0dfe558c30488ab62d85c510467c73'

Waiting for at most '30m0s' for service 'el-1-geth-lighthouse' to reach a certain state
Wait took 1 tries (13.672036ms in total). Assertion passed with following:
Request had response code '200' and body "{\"jsonrpc\":\"2.0\",\"id\":1,\"result\":{\"id\":\"b26db57aa31745cbd190e37f8a4617057d20c612327b56f67ad9174868f75a6a\",\"name\":\"Geth/v1.17.0-unstable-c9b7ae42-20260209/linux-amd64/go1.25.5 (Red Hat 1.25.5-2.el9_7)\",\"enode\":\"enode://399ad603fe7f5b388508d997e81538adcb507817c3b9f1bb492e3ca0c99c9f83007d6bdaa73a0d04012180b4798d6cf2980e3dadc02a32a27ea6d49831764731@172.16.0.10:30303\",\"enr\":\"enr:-KO4QFnBxlITpYUCOsBPHh6gqvPWiMMP3yvkixHPzFo0dpHJDtYdFWU_DD_NEEJQ4wvplBT44CJHybQTMEC8iEQ9OP6GAZ0r1-4vg2V0aMfGhNTzNv-AgmlkgnY0gmlwhKwQAAqJc2VjcDI1NmsxoQM5mtYD_n9bOIUI2ZfoFTity1B4F8O58btJLjygyZyfg4RzbmFwwIN0Y3CCdl-DdWRwgnZf\",\"ip\":\"172.16.0.10\",\"ports\":{\"discovery\":30303,\"listener\":30303},\"listenAddr\":\"[::]:30303\",\"protocols\":{\"eth\":{\"network\":3151908,\"genesis\":\"0xfc14f8f212a760aecb6f85646caec4b0c79806dab64312647dd51f0f785a4cdb\",\"config\":{\"chainId\":3151908,\"homesteadBlock\":0,\"eip150Block\":0,\"eip155Block\":0,\"eip158Block\":0,\"byzantiumBlock\":0,\"constantinopleBlock\":0,\"petersburgBlock\":0,\"istanbulBlock\":0,\"berlinBlock\":0,\"londonBlock\":0,\"mergeNetsplitBlock\":0,\"shanghaiTime\":0,\"cancunTime\":0,\"pragueTime\":0,\"osakaTime\":0,\"bpo1Time\":0,\"terminalTotalDifficulty\":0,\"depositContractAddress\":\"0x00000000219ab540356cbb839cbe05303d7705fa\",\"blobSchedule\":{\"cancun\":{\"target\":3,\"max\":6,\"baseFeeUpdateFraction\":3338477},\"prague\":{\"target\":6,\"max\":9,\"baseFeeUpdateFraction\":5007716},\"osaka\":{\"target\":6,\"max\":9,\"baseFeeUpdateFraction\":5007716},\"bpo1\":{\"target\":10,\"max\":15,\"baseFeeUpdateFraction\":8346193}}},\"head\":\"0xfc14f8f212a760aecb6f85646caec4b0c79806dab64312647dd51f0f785a4cdb\"},\"snap\":{}}}}\n", with extracted fields:
'extract.enode': "enode://399ad603fe7f5b388508d997e81538adcb507817c3b9f1bb492e3ca0c99c9f83007d6bdaa73a0d04012180b4798d6cf2980e3dadc02a32a27ea6d49831764731@172.16.0.10:30303"
'extract.enr': "enr:-KO4QFnBxlITpYUCOsBPHh6gqvPWiMMP3yvkixHPzFo0dpHJDtYdFWU_DD_NEEJQ4wvplBT44CJHybQTMEC8iEQ9OP6GAZ0r1-4vg2V0aMfGhNTzNv-AgmlkgnY0gmlwhKwQAAqJc2VjcDI1NmsxoQM5mtYD_n9bOIUI2ZfoFTity1B4F8O58btJLjygyZyfg4RzbmFwwIN0Y3CCdl-DdWRwgnZf"

Printing a message
Successfully added 1 EL participants

Printing a message
Launching CL network

Adding service with name 'cl-1-lighthouse-geth' and image 'sigp/lighthouse:latest'
Service 'cl-1-lighthouse-geth' added with service UUID '9c5347934a30467898364045a06dd970'

Running 'GET' request on service 'cl-1-lighthouse-geth'
Request had response code '200' and body "{\"data\":{\"peer_id\":\"16Uiu2HAm85Apat95xLW7VbSnAXQ4cjDaBiYJj9beDRtCi4fvB54K\",\"enr\":\"enr:-Ou4QOA_cRhIHXPjHshDQDd28TrJYKCkuwM2tq2xEy6tfgY-JHdNYE4gI_QMBN_4LFp8I13z7SKkGsAfZ4UWYFg6wLUDh2F0dG5ldHOIAGAAAAAAAACDY2djBIZjbGllbnTRikxpZ2h0aG91c2WFOC4wLjGEZXRoMpClGtmXcAAAOP__________gmlkgnY0gmlwhKwQAAuDbmZkhKUa2ZeEcXVpY4IjKYlzZWNwMjU2azGhArvnWAxEw-rprfn-KM0V0naRIB4dc6ez9riHwaJGBo8wiHN5bmNuZXRzAIN0Y3CCIyiDdWRwgiMo\",\"p2p_addresses\":[\"/ip4/172.16.0.11/tcp/9000/p2p/16Uiu2HAm85Apat95xLW7VbSnAXQ4cjDaBiYJj9beDRtCi4fvB54K\"],\"discovery_addresses\":[\"/ip4/172.16.0.11/udp/9000/p2p/16Uiu2HAm85Apat95xLW7VbSnAXQ4cjDaBiYJj9beDRtCi4fvB54K\"],\"metadata\":{\"seq_number\":\"2\",\"attnets\":\"0x0060000000000000\",\"syncnets\":\"0x00\",\"custody_group_count\":\"4\"}}}", with extracted fields:
'extract.multiaddr': "/ip4/172.16.0.11/tcp/9000/p2p/16Uiu2HAm85Apat95xLW7VbSnAXQ4cjDaBiYJj9beDRtCi4fvB54K"
'extract.peer_id': "16Uiu2HAm85Apat95xLW7VbSnAXQ4cjDaBiYJj9beDRtCi4fvB54K"
'extract.enr': "enr:-Ou4QOA_cRhIHXPjHshDQDd28TrJYKCkuwM2tq2xEy6tfgY-JHdNYE4gI_QMBN_4LFp8I13z7SKkGsAfZ4UWYFg6wLUDh2F0dG5ldHOIAGAAAAAAAACDY2djBIZjbGllbnTRikxpZ2h0aG91c2WFOC4wLjGEZXRoMpClGtmXcAAAOP__________gmlkgnY0gmlwhKwQAAuDbmZkhKUa2ZeEcXVpY4IjKYlzZWNwMjU2azGhArvnWAxEw-rprfn-KM0V0naRIB4dc6ez9riHwaJGBo8wiHN5bmNuZXRzAIN0Y3CCIyiDdWRwgiMo"

Printing a message
Successfully added 1 CL participants

Printing a message
Start adding validators for participant #1

Printing a message
Using separate validator client for participant #1

Adding '1' services with names 'vc-1-geth-lighthouse'
Successfully added the following '1' services:
  Service 'vc-1-geth-lighthouse' added with UUID 'f0e3c4df3dae401f87c6b93ede0d2fd0'

Printing a message
NODE JSON RPC URI: 'el-1-geth-lighthouse:8545'

Rendering a template to a files artifact with name 'validator-ranges'
Templates artifact name 'validator-ranges' rendered with artifact UUID '17df22c951d14695b1fffb05f3b6c11a'

Starlark code successfully run. Output was:
{
	"all_participants": [
		{
			"cl_context": {
				"beacon_grpc_url": "",
				"beacon_http_url": "http://cl-1-lighthouse-geth:4000",
				"beacon_service_name": "cl-1-lighthouse-geth",
				"cl_nodes_metrics_info": [
					{
						"config": {
							"labels": {},
							"scrape_interval": "15s"
						},
						"name": "cl-1-lighthouse-geth",
						"path": "/metrics",
						"url": "cl-1-lighthouse-geth:5054"
					}
				],
				"client_name": "lighthouse",
				"enr": "enr:-Ou4QOA_cRhIHXPjHshDQDd28TrJYKCkuwM2tq2xEy6tfgY-JHdNYE4gI_QMBN_4LFp8I13z7SKkGsAfZ4UWYFg6wLUDh2F0dG5ldHOIAGAAAAAAAACDY2djBIZjbGllbnTRikxpZ2h0aG91c2WFOC4wLjGEZXRoMpClGtmXcAAAOP__________gmlkgnY0gmlwhKwQAAuDbmZkhKUa2ZeEcXVpY4IjKYlzZWNwMjU2azGhArvnWAxEw-rprfn-KM0V0naRIB4dc6ez9riHwaJGBo8wiHN5bmNuZXRzAIN0Y3CCIyiDdWRwgiMo",
				"http_port": 4000,
				"ip_addr": "cl-1-lighthouse-geth",
				"ip_address": "172.16.0.11",
				"multiaddr": "/ip4/172.16.0.11/tcp/9000/p2p/16Uiu2HAm85Apat95xLW7VbSnAXQ4cjDaBiYJj9beDRtCi4fvB54K",
				"peer_id": "16Uiu2HAm85Apat95xLW7VbSnAXQ4cjDaBiYJj9beDRtCi4fvB54K",
				"snooper_el_engine_context": null,
				"snooper_enabled": false,
				"supernode": false,
				"validator_keystore_files_artifact_uuid": "1-lighthouse-geth-0-127"
			},
			"cl_type": "lighthouse",
			"el_context": {
				"client_name": "geth",
				"dns_name": "el-1-geth-lighthouse",
				"el_metrics_info": [
					{
						"config": {
							"labels": {},
							"scrape_interval": "15s"
						},
						"name": "el-1-geth-lighthouse",
						"path": "/debug/metrics/prometheus",
						"url": "el-1-geth-lighthouse:9001"
					}
				],
				"engine_rpc_port_num": 8551,
				"enode": "enode://399ad603fe7f5b388508d997e81538adcb507817c3b9f1bb492e3ca0c99c9f83007d6bdaa73a0d04012180b4798d6cf2980e3dadc02a32a27ea6d49831764731@172.16.0.10:30303",
				"enr": "enr:-KO4QFnBxlITpYUCOsBPHh6gqvPWiMMP3yvkixHPzFo0dpHJDtYdFWU_DD_NEEJQ4wvplBT44CJHybQTMEC8iEQ9OP6GAZ0r1-4vg2V0aMfGhNTzNv-AgmlkgnY0gmlwhKwQAAqJc2VjcDI1NmsxoQM5mtYD_n9bOIUI2ZfoFTity1B4F8O58btJLjygyZyfg4RzbmFwwIN0Y3CCdl-DdWRwgnZf",
				"ip_addr": "172.16.0.10",
				"rpc_http_url": "http://el-1-geth-lighthouse:8545",
				"rpc_port_num": 8545,
				"service_name": "el-1-geth-lighthouse",
				"ws_port_num": 8546,
				"ws_url": "ws://el-1-geth-lighthouse:8546"
			},
			"el_type": "geth",
			"ethereum_metrics_exporter_context": null,
			"remote_signer_context": null,
			"remote_signer_type": "web3signer",
			"snooper_beacon_context": null,
			"snooper_el_engine_context": null,
			"snooper_el_rpc_context": null,
			"vc_context": {
				"client_name": "lighthouse",
				"metrics_info": {
					"config": {
						"labels": {},
						"scrape_interval": "15s"
					},
					"name": "vc-1-geth-lighthouse",
					"path": "/metrics",
					"url": "vc-1-geth-lighthouse:8080"
				},
				"service_name": "vc-1-geth-lighthouse"
			},
			"vc_type": "lighthouse",
			"xatu_sentry_context": null
		}
	],
	"final_genesis_timestamp": "1774557090",
	"genesis_validators_root": "0xd1ec305b97bf6336571c2348e4a8bf173684b0cdb7e55f7e6554d51f8478b5a3",
	"network_id": "3151908",
	"network_params": {
		"additional_mnemonics": [],
		"additional_preloaded_contracts": {},
		"aggregate_due_bps_gloas": 5000,
		"altair_fork_epoch": 0,
		"attestation_due_bps_gloas": 2500,
		"base_fee_update_fraction_electra": 5007716,
		"bellatrix_fork_epoch": 0,
		"bpo_1_base_fee_update_fraction": 8346193,
		"bpo_1_epoch": 0,
		"bpo_1_max_blobs": 15,
		"bpo_1_target_blobs": 10,
		"bpo_2_base_fee_update_fraction": 11684671,
		"bpo_2_epoch": 18446744073709551615,
		"bpo_2_max_blobs": 21,
		"bpo_2_target_blobs": 14,
		"bpo_3_base_fee_update_fraction": 0,
		"bpo_3_epoch": 18446744073709551615,
		"bpo_3_max_blobs": 0,
		"bpo_3_target_blobs": 0,
		"bpo_4_base_fee_update_fraction": 0,
		"bpo_4_epoch": 18446744073709551615,
		"bpo_4_max_blobs": 0,
		"bpo_4_target_blobs": 0,
		"bpo_5_base_fee_update_fraction": 0,
		"bpo_5_epoch": 18446744073709551615,
		"bpo_5_max_blobs": 0,
		"bpo_5_target_blobs": 0,
		"capella_fork_epoch": 0,
		"churn_limit_quotient": 65536,
		"contribution_due_bps_gloas": 5000,
		"custody_requirement": 4,
		"data_column_sidecar_subnet_count": 128,
		"deneb_fork_epoch": 0,
		"deposit_contract_address": "0x00000000219ab540356cBB839Cbe05303d7705Fa",
		"devnet_repo": "ethpandaops",
		"eip7441_fork_epoch": 18446744073709551615,
		"eip7805_fork_epoch": 18446744073709551615,
		"ejection_balance": 16000000000,
		"electra_fork_epoch": 0,
		"eth1_follow_distance": 2048,
		"force_snapshot_sync": false,
		"fulu_fork_epoch": 0,
		"gas_limit": 0,
		"genesis_delay": 20,
		"genesis_gaslimit": 60000000,
		"genesis_time": 0,
		"gloas_fork_epoch": 18446744073709551615,
		"inclusion_list_submission_due_bps": 6667,
		"max_blobs_per_block_electra": 9,
		"max_payload_size": 10485760,
		"max_per_epoch_activation_churn_limit": 8,
		"max_request_blob_sidecars_electra": 1152,
		"max_request_blocks_deneb": 128,
		"min_builder_withdrawability_delay": 4096,
		"min_epochs_for_block_requests": 33024,
		"min_epochs_for_data_column_sidecars_requests": 4096,
		"min_validator_withdrawability_delay": 256,
		"network": "kurtosis",
		"network_id": "3151908",
		"network_sync_base_url": "https://snapshots.ethpandaops.io/",
		"num_validator_keys_per_node": 128,
		"payload_attestation_due_bps": 7500,
		"perfect_peerdas_enabled": false,
		"prefunded_accounts": {},
		"preregistered_validator_count": 0,
		"preregistered_validator_keys_mnemonic": "giant issue aisle success illegal bike spike question tent bar rely arctic volcano long crawl hungry vocal artwork sniff fantasy very lucky have athlete",
		"preset": "mainnet",
		"proposer_inclusion_list_cutoff_bps": 9167,
		"samples_per_slot": 8,
		"seconds_per_slot": 12,
		"shadowfork_block_height": "latest",
		"shard_committee_period": 256,
		"slot_duration_ms": 12000,
		"sync_message_due_bps_gloas": 2500,
		"target_blobs_per_block_electra": 6,
		"validator_balance": 32,
		"view_freeze_cutoff_bps": 7500,
		"withdrawal_address": "0x8943545177806ED17B9F23F0a21ee5948eCaa776",
		"withdrawal_type": "0x00"
	},
	"pre_funded_accounts": [
		{
			"address": "0x8943545177806ED17B9F23F0a21ee5948eCaa776",
			"private_key": "bcdf20249abf0ed6d944c0288fad489e33f66b3960d9e6229c1cd214ed3bbe31"
		},
		{
			"address": "0xE25583099BA105D9ec0A67f5Ae86D90e50036425",
			"private_key": "39725efee3fb28614de3bacaffe4cc4bd8c436257e2c8bb887c4b5c4be45e76d"
		},
		{
			"address": "0x614561D2d143621E126e87831AEF287678B442b8",
			"private_key": "53321db7c1e331d93a11a41d16f004d7ff63972ec8ec7c25db329728ceeb1710"
		},
		{
			"address": "0xf93Ee4Cf8c6c40b329b0c0626F28333c132CF241",
			"private_key": "ab63b23eb7941c1251757e24b3d2350d2bc05c3c388d06f8fe6feafefb1e8c70"
		},
		{
			"address": "0x802dCbE1B1A97554B4F50DB5119E37E8e7336417",
			"private_key": "5d2344259f42259f82d2c140aa66102ba89b57b4883ee441a8b312622bd42491"
		},
		{
			"address": "0xAe95d8DA9244C37CaC0a3e16BA966a8e852Bb6D6",
			"private_key": "27515f805127bebad2fb9b183508bdacb8c763da16f54e0678b16e8f28ef3fff"
		},
		{
			"address": "0x2c57d1CFC6d5f8E4182a56b4cf75421472eBAEa4",
			"private_key": "7ff1a4c1d57e5e784d327c4c7651e952350bc271f156afb3d00d20f5ef924856"
		},
		{
			"address": "0x741bFE4802cE1C4b5b00F9Df2F5f179A1C89171A",
			"private_key": "3a91003acaf4c21b3953d94fa4a6db694fa69e5242b2e37be05dd82761058899"
		},
		{
			"address": "0xc3913d4D8bAb4914328651C2EAE817C8b78E1f4c",
			"private_key": "bb1d0f125b4fb2bb173c318cdead45468474ca71474e2247776b2b4c0fa2d3f5"
		},
		{
			"address": "0x65D08a056c17Ae13370565B04cF77D2AfA1cB9FA",
			"private_key": "850643a0224065ecce3882673c21f56bcf6eef86274cc21cadff15930b59fc8c"
		},
		{
			"address": "0x3e95dFbBaF6B348396E6674C7871546dCC568e56",
			"private_key": "94eb3102993b41ec55c241060f47daa0f6372e2e3ad7e91612ae36c364042e44"
		},
		{
			"address": "0x5918b2e647464d4743601a865753e64C8059Dc4F",
			"private_key": "daf15504c22a352648a71ef2926334fe040ac1d5005019e09f6c979808024dc7"
		},
		{
			"address": "0x589A698b7b7dA0Bec545177D3963A2741105C7C9",
			"private_key": "eaba42282ad33c8ef2524f07277c03a776d98ae19f581990ce75becb7cfa1c23"
		},
		{
			"address": "0x4d1CB4eB7969f8806E2CaAc0cbbB71f88C8ec413",
			"private_key": "3fd98b5187bf6526734efaa644ffbb4e3670d66f5d0268ce0323ec09124bff61"
		},
		{
			"address": "0xF5504cE2BcC52614F121aff9b93b2001d92715CA",
			"private_key": "5288e2f440c7f0cb61a9be8afdeb4295f786383f96f5e35eb0c94ef103996b64"
		},
		{
			"address": "0xF61E98E7D47aB884C244E39E031978E33162ff4b",
			"private_key": "f296c7802555da2a5a662be70e078cbd38b44f96f8615ae529da41122ce8db05"
		},
		{
			"address": "0xf1424826861ffbbD25405F5145B5E50d0F1bFc90",
			"private_key": "bf3beef3bd999ba9f2451e06936f0423cd62b815c9233dd3bc90f7e02a1e8673"
		},
		{
			"address": "0xfDCe42116f541fc8f7b0776e2B30832bD5621C85",
			"private_key": "6ecadc396415970e91293726c3f5775225440ea0844ae5616135fd10d66b5954"
		},
		{
			"address": "0xD9211042f35968820A3407ac3d80C725f8F75c14",
			"private_key": "a492823c3e193d6c595f37a18e3c06650cf4c74558cc818b16130b293716106f"
		},
		{
			"address": "0xD8F3183DEF51A987222D845be228e0Bbb932C222",
			"private_key": "c5114526e042343c6d1899cad05e1c00ba588314de9b96929914ee0df18d46b2"
		},
		{
			"address": "0xafF0CA253b97e54440965855cec0A8a2E2399896",
			"private_key": "04b9f63ecf84210c5366c66d68fa1f5da1fa4f634fad6dfc86178e4d79ff9e59"
		}
	]
}

⭐ us on GitHub - https://github.com/kurtosis-tech/kurtosis
[36mINFO[0m[2026-03-26T14:31:10-06:00] ========================================================== 
[36mINFO[0m[2026-03-26T14:31:10-06:00] ||          Created enclave: local-eth-testnet          || 
[36mINFO[0m[2026-03-26T14:31:10-06:00] ========================================================== 
Name:            local-eth-testnet
UUID:            b49813eea895
Status:          RUNNING
Creation Time:   Thu, 26 Mar 2026 14:30:51 MDT
Flags:           

========================================= Files Artifacts =========================================
UUID           Name
e701fadff100   1-lighthouse-geth-0-127
cdd088998d0d   el_cl_genesis_data
2b18437e90d0   final-genesis-timestamp
e16be5ac8c97   genesis-el-cl-env-file
4389cf4d980b   genesis_validators_root
1d91784bae05   jwt_file
274129c10276   keymanager_file
f1c761e06171   prysm-password
17df22c951d1   validator-ranges

========================================== User Services ==========================================
UUID           Name                                             Ports                                         Status
9c5347934a30   cl-1-lighthouse-geth                             http: 4000/tcp -> http://127.0.0.1:32811      RUNNING
                                                                metrics: 5054/tcp -> http://127.0.0.1:32812   
                                                                quic-discovery: 9001/udp                      
                                                                tcp-discovery: 9000/tcp -> 127.0.0.1:32813    
                                                                udp-discovery: 9000/udp                       
6e0dfe558c30   el-1-geth-lighthouse                             engine-rpc: 8551/tcp -> 127.0.0.1:32808       RUNNING
                                                                metrics: 9001/tcp -> http://127.0.0.1:32809   
                                                                rpc: 8545/tcp -> 127.0.0.1:32806              
                                                                tcp-discovery: 30303/tcp -> 127.0.0.1:32810   
                                                                udp-discovery: 30303/udp                      
                                                                ws: 8546/tcp -> 127.0.0.1:32807               
424a9a779109   validator-key-generation-cl-validator-keystore   <none>                                        RUNNING
f0e3c4df3dae   vc-1-geth-lighthouse                             metrics: 8080/tcp -> http://127.0.0.1:32814   RUNNING

[2026-03-26 14:31:10] STEP 5: start monitoring script
[2026-03-26 14:31:10] STEP 6: install attack_testbed dependencies
[2026-03-26 14:31:11] npm dependency web3 already installed
[2026-03-26 14:31:11] STEP 7: run post process script
Error sending transactions: FetchError: request to http://127.0.0.1:32772/ failed, reason: connect ECONNREFUSED 127.0.0.1:32772
    at ClientRequest.<anonymous> (/home/narwhal/eth_overlay/attack_testbed/node_modules/node-fetch/lib/index.js:1501:11)
    at ClientRequest.emit (node:events:513:28)
    at Socket.socketErrorListener (node:_http_client:494:9)
    at Socket.emit (node:events:513:28)
    at emitErrorNT (node:internal/streams/destroy:157:8)
    at emitErrorCloseNT (node:internal/streams/destroy:122:3)
    at processTicksAndRejections (node:internal/process/task_queues:83:21) {
  type: 'system',
  errno: 'ECONNREFUSED',
  code: 'ECONNREFUSED'
}
[2026-03-26 14:31:11] DONE on 10.10.0.30
[2026-03-26 16:31:11] [10.10.0.30] Collecting status
--- repo ---
main
783f390537d076da5baab8d0dedca9f41963853a
--- versions ---
go version go1.24.6 (Red Hat 1.24.6-1.el9_6) linux/amd64
GNU Make 4.3
Docker version 29.2.1, build a5c7197
Docker Compose version v5.0.2
CLI Version:   1.15.2

To see the engine version (provided it is running): kurtosis engine status
v16.20.2
rsync  version 3.2.5  protocol version 31
--- docker image ---
WARNING: This output is designed for human readability. For machine-readable output, please use --format.
geth-overlay:local                             86bd2775b3c7        191MB         50.5MB   U    
--- kurtosis enclaves ---
UUID           Name                Status    Creation Time
b49813eea895   local-eth-testnet   RUNNING    Thu, 26 Mar 2026 14:30:51 MDT
--- monitor ---
227901 bash ./geth_proc_usage.sh
228047 bash -c      export PATH="$HOME/.kurtosis/bin:/usr/local/bin:/usr/bin:$PATH"     echo '--- repo ---'     cd '/home/narwhal/eth_overlay' && git rev-parse --abbrev-ref HEAD && git rev-parse HEAD || true     echo '--- versions ---'     go version || true     make --version 2>/dev/null | sed -n '1p' || true     docker --version || true     docker compose version || true     kurtosis version || true     node --version || true     rsync --version 2>/dev/null | sed -n '1p' || true     echo '--- docker image ---'     docker images | grep geth-overlay || true     echo '--- kurtosis enclaves ---'     kurtosis enclave ls || true     echo '--- monitor ---'     pgrep -af geth_proc_usage.sh || true   
[2026-03-26 16:31:12] ========== END: 10.10.0.30 ==========
